#
# There is insufficient memory for the Java Runtime Environment to continue.
# Native memory allocation (mmap) failed to map 25165824 bytes for G1 virtual space
# Possible reasons:
#   The system is out of physical RAM or swap space
#   The process is running with CompressedOops enabled, and the Java Heap may be blocking the growth of the native heap
# Possible solutions:
#   Reduce memory load on the system
#   Increase physical memory or swap space
#   Check if swap backing store is full
#   Decrease Java heap size (-Xmx/-Xms)
#   Decrease number of Java threads
#   Decrease Java thread stack sizes (-Xss)
#   Set larger code cache with -XX:ReservedCodeCacheSize=
#   JVM is running with Zero Based Compressed Oops mode in which the Java heap is
#     placed in the first 32GB address space. The Java Heap base address is the
#     maximum limit for the native heap growth. Please use -XX:HeapBaseMinAddress
#     to set the Java Heap base and to place the Java Heap above 32GB virtual address.
# This output file may be truncated or incomplete.
#
#  Out of Memory Error (os_windows.cpp:3548), pid=16096, tid=17924
#
# JRE version: OpenJDK Runtime Environment Temurin-17.0.5+8 (17.0.5+8) (build 17.0.5+8)
# Java VM: OpenJDK 64-Bit Server VM Temurin-17.0.5+8 (17.0.5+8, mixed mode, emulated-client, tiered, compressed oops, compressed class ptrs, g1 gc, windows-amd64)
# No core dump will be written. Minidumps are not enabled by default on client versions of Windows
#

---------------  S U M M A R Y ------------

Command Line: -Dcom.sun.management.jmxremote -Dcom.sun.management.jmxremote.port=65276 -Dcom.sun.management.jmxremote.authenticate=false -Dcom.sun.management.jmxremote.ssl=false -Djava.rmi.server.hostname=localhost -Dspring.jmx.enabled=true -Dmanagement.endpoints.jmx.exposure.include=* -Dspring.application.admin.enabled=true -XX:TieredStopAtLevel=1 -Dspring.boot.project.name=naming-server -Dfile.encoding=UTF-8 -XX:+ShowCodeDetailsInExceptionMessages com.in28minutes.microservices.namingserver.NamingServerApplication --spring.output.ansi.enabled=always

Host: AMD Ryzen 3 3200U with Radeon Vega Mobile Gfx  , 4 cores, 9G,  Windows 10 , 64 bit Build 19041 (10.0.19041.3636)
Time: Sun Nov 19 16:41:48 2023  Windows 10 , 64 bit Build 19041 (10.0.19041.3636) elapsed time: 19.457769 seconds (0d 0h 0m 19s)

---------------  T H R E A D  ---------------

Current thread (0x00000208a73062f0):  VMThread "VM Thread" [stack: 0x00000035c2200000,0x00000035c2300000] [id=17924]

Stack: [0x00000035c2200000,0x00000035c2300000]
Native frames: (J=compiled Java code, j=interpreted, Vv=VM code, C=native code)
V  [jvm.dll+0x676b3a]
V  [jvm.dll+0x831444]
V  [jvm.dll+0x832bee]
V  [jvm.dll+0x833253]
V  [jvm.dll+0x244ce5]
V  [jvm.dll+0x673a49]
V  [jvm.dll+0x66811a]
V  [jvm.dll+0x303ceb]
V  [jvm.dll+0x30b1e6]
V  [jvm.dll+0x35adbe]
V  [jvm.dll+0x35afef]
V  [jvm.dll+0x2dab88]
V  [jvm.dll+0x2d8e3c]
V  [jvm.dll+0x2d840c]
V  [jvm.dll+0x31c31b]
V  [jvm.dll+0x8376fb]
V  [jvm.dll+0x838434]
V  [jvm.dll+0x83894c]
V  [jvm.dll+0x838d24]
V  [jvm.dll+0x838df0]
V  [jvm.dll+0x7e17ea]
V  [jvm.dll+0x6759e5]
C  [ucrtbase.dll+0x21bb2]
C  [KERNEL32.DLL+0x17344]
C  [ntdll.dll+0x526b1]

VM_Operation (0x00000035c3bfb070): G1CollectForAllocation, mode: safepoint, requested by thread 0x00000208a98f8fe0


---------------  P R O C E S S  ---------------

Threads class SMR info:
_java_thread_list=0x00000208a9f19a50, length=23, elements={
0x0000020898aeb870, 0x00000208a730e000, 0x00000208a7322c40, 0x00000208a7d0d4b0,
0x00000208a7d0df60, 0x00000208a7d20400, 0x00000208a7d20db0, 0x00000208a7d23770,
0x00000208a7d27c80, 0x00000208a72a21c0, 0x00000208a7e28010, 0x00000208a7e29530,
0x00000208a7ef0250, 0x00000208a86de780, 0x00000208a864a9a0, 0x00000208a86dc9b0,
0x00000208a87827a0, 0x00000208a989f030, 0x00000208a98a0390, 0x00000208a98c3470,
0x00000208a98f77d0, 0x00000208a98f8fe0, 0x00000208a98f6960
}

Java Threads: ( => current thread )
  0x0000020898aeb870 JavaThread "main" [_thread_blocked, id=3484, stack(0x00000035c1c00000,0x00000035c1d00000)]
  0x00000208a730e000 JavaThread "Reference Handler" daemon [_thread_blocked, id=10292, stack(0x00000035c2300000,0x00000035c2400000)]
  0x00000208a7322c40 JavaThread "Finalizer" daemon [_thread_blocked, id=14976, stack(0x00000035c2400000,0x00000035c2500000)]
  0x00000208a7d0d4b0 JavaThread "Signal Dispatcher" daemon [_thread_blocked, id=18140, stack(0x00000035c2500000,0x00000035c2600000)]
  0x00000208a7d0df60 JavaThread "Attach Listener" daemon [_thread_blocked, id=5116, stack(0x00000035c2600000,0x00000035c2700000)]
  0x00000208a7d20400 JavaThread "Service Thread" daemon [_thread_blocked, id=14500, stack(0x00000035c2700000,0x00000035c2800000)]
  0x00000208a7d20db0 JavaThread "Monitor Deflation Thread" daemon [_thread_blocked, id=14052, stack(0x00000035c2800000,0x00000035c2900000)]
  0x00000208a7d23770 JavaThread "C1 CompilerThread0" daemon [_thread_blocked, id=1940, stack(0x00000035c2900000,0x00000035c2a00000)]
  0x00000208a7d27c80 JavaThread "Sweeper thread" daemon [_thread_blocked, id=9564, stack(0x00000035c2a00000,0x00000035c2b00000)]
  0x00000208a72a21c0 JavaThread "Common-Cleaner" daemon [_thread_blocked, id=15264, stack(0x00000035c2b00000,0x00000035c2c00000)]
  0x00000208a7e28010 JavaThread "C1 CompilerThread1" daemon [_thread_blocked, id=15484, stack(0x00000035c2c00000,0x00000035c2d00000)]
  0x00000208a7e29530 JavaThread "C1 CompilerThread2" daemon [_thread_blocked, id=9452, stack(0x00000035c2d00000,0x00000035c2e00000)]
  0x00000208a7ef0250 JavaThread "Notification Thread" daemon [_thread_blocked, id=14444, stack(0x00000035c2e00000,0x00000035c2f00000)]
  0x00000208a86de780 JavaThread "RMI TCP Accept-0" daemon [_thread_in_native, id=18344, stack(0x00000035c3200000,0x00000035c3300000)]
  0x00000208a864a9a0 JavaThread "RMI TCP Accept-65276" daemon [_thread_in_native, id=17632, stack(0x00000035c3300000,0x00000035c3400000)]
  0x00000208a86dc9b0 JavaThread "RMI TCP Accept-0" daemon [_thread_in_native, id=16596, stack(0x00000035c3400000,0x00000035c3500000)]
  0x00000208a87827a0 JavaThread "RMI TCP Connection(idle)" daemon [_thread_blocked, id=17152, stack(0x00000035c3600000,0x00000035c3700000)]
  0x00000208a989f030 JavaThread "RMI Scheduler(0)" daemon [_thread_blocked, id=17376, stack(0x00000035c3700000,0x00000035c3800000)]
  0x00000208a98a0390 JavaThread "RMI TCP Connection(2)-127.0.0.1" daemon [_thread_in_native, id=17944, stack(0x00000035c3800000,0x00000035c3900000)]
  0x00000208a98c3470 JavaThread "JMX server connection timeout 21" daemon [_thread_blocked, id=10100, stack(0x00000035c3900000,0x00000035c3a00000)]
  0x00000208a98f77d0 JavaThread "Thread-0" [_thread_blocked, id=14392, stack(0x00000035c3a00000,0x00000035c3b00000)]
  0x00000208a98f8fe0 JavaThread "restartedMain" [_thread_blocked, id=13716, stack(0x00000035c3b00000,0x00000035c3c00000)]
  0x00000208a98f6960 JavaThread "Keep-Alive-Timer" daemon [_thread_blocked, id=3772, stack(0x00000035c3d00000,0x00000035c3e00000)]

Other Threads:
=>0x00000208a73062f0 VMThread "VM Thread" [stack: 0x00000035c2200000,0x00000035c2300000] [id=17924]
  0x0000020898aec820 WatcherThread [stack: 0x00000035c3500000,0x00000035c3600000] [id=17628]
  0x0000020898b39770 GCTaskThread "GC Thread#0" [stack: 0x00000035c1d00000,0x00000035c1e00000] [id=14024]
  0x00000208a85fa560 GCTaskThread "GC Thread#1" [stack: 0x00000035c2f00000,0x00000035c3000000] [id=9864]
  0x00000208a85fa810 GCTaskThread "GC Thread#2" [stack: 0x00000035c3000000,0x00000035c3100000] [id=2404]
  0x00000208a862abc0 GCTaskThread "GC Thread#3" [stack: 0x00000035c3100000,0x00000035c3200000] [id=17908]
  0x0000020898b445f0 ConcurrentGCThread "G1 Main Marker" [stack: 0x00000035c1e00000,0x00000035c1f00000] [id=15312]
  0x0000020898b469c0 ConcurrentGCThread "G1 Conc#0" [stack: 0x00000035c1f00000,0x00000035c2000000] [id=17788]
  0x0000020898b9d200 ConcurrentGCThread "G1 Refine#0" [stack: 0x00000035c2000000,0x00000035c2100000] [id=11968]
  0x0000020898b9e5d0 ConcurrentGCThread "G1 Service" [stack: 0x00000035c2100000,0x00000035c2200000] [id=18076]

Threads with active compile tasks:

VM state: at safepoint (normal execution)

VM Mutex/Monitor currently owned by a thread:  ([mutex/lock_event])
[0x0000020898ae61a0] Threads_lock - owner thread: 0x00000208a73062f0
[0x0000020898ae6b30] Heap_lock - owner thread: 0x00000208a98f8fe0

Heap address: 0x0000000760c00000, size: 2548 MB, Compressed Oops mode: Zero based, Oop shift amount: 3

CDS archive(s) not mapped
Compressed class space mapped at: 0x0000000800000000-0x0000000840000000, reserved size: 1073741824
Narrow klass base: 0x0000000800000000, Narrow klass shift: 0, Narrow klass range: 0x40000000

GC Precious Log:
 CPUs: 4 total, 4 available
 Memory: 10186M
 Large Page Support: Disabled
 NUMA Support: Disabled
 Compressed Oops: Enabled (Zero based)
 Heap Region Size: 2M
 Heap Min Capacity: 8M
 Heap Initial Capacity: 160M
 Heap Max Capacity: 2548M
 Pre-touch: Disabled
 Parallel Workers: 4
 Concurrent Workers: 1
 Concurrent Refinement Workers: 4
 Periodic GC: Disabled

Heap:
 garbage-first heap   total 55296K, used 29289K [0x0000000760c00000, 0x0000000800000000)
  region size 2048K, 1 young (2048K), 1 survivors (2048K)
 Metaspace       used 49993K, committed 50560K, reserved 1097728K
  class space    used 6508K, committed 6784K, reserved 1048576K

Heap Regions: E=young(eden), S=young(survivor), O=old, HS=humongous(starts), HC=humongous(continues), CS=collection set, F=free, OA=open archive, CA=closed archive, TAMS=top-at-mark-start (previous, next)
|   0|0x0000000760c00000, 0x0000000760e00000, 0x0000000760e00000|100%| O|  |TAMS 0x0000000760e00000, 0x0000000760e00000| Untracked 
|   1|0x0000000760e00000, 0x0000000761000000, 0x0000000761000000|100%| O|  |TAMS 0x0000000761000000, 0x0000000761000000| Untracked 
|   2|0x0000000761000000, 0x00000007611e9600, 0x0000000761200000| 95%| O|  |TAMS 0x00000007611e9600, 0x00000007611e9600| Untracked 
|   3|0x0000000761200000, 0x0000000761400000, 0x0000000761400000|100%| O|  |TAMS 0x0000000761400000, 0x0000000761400000| Untracked 
|   4|0x0000000761400000, 0x0000000761600000, 0x0000000761600000|100%| O|  |TAMS 0x0000000761600000, 0x0000000761600000| Untracked 
|   5|0x0000000761600000, 0x0000000761800000, 0x0000000761800000|100%| O|  |TAMS 0x0000000761800000, 0x0000000761800000| Untracked 
|   6|0x0000000761800000, 0x0000000761a00000, 0x0000000761a00000|100%| O|  |TAMS 0x0000000761a00000, 0x0000000761a00000| Untracked 
|   7|0x0000000761a00000, 0x0000000761c00000, 0x0000000761c00000|100%| O|  |TAMS 0x0000000761c00000, 0x0000000761c00000| Untracked 
|   8|0x0000000761c00000, 0x0000000761e00000, 0x0000000761e00000|100%| O|  |TAMS 0x0000000761e00000, 0x0000000761e00000| Untracked 
|   9|0x0000000761e00000, 0x0000000762000000, 0x0000000762000000|100%| O|  |TAMS 0x0000000762000000, 0x0000000762000000| Untracked 
|  10|0x0000000762000000, 0x0000000762200000, 0x0000000762200000|100%| O|  |TAMS 0x00000007620dbc00, 0x0000000762200000| Untracked 
|  11|0x0000000762200000, 0x0000000762400000, 0x0000000762400000|100%| O|  |TAMS 0x0000000762200000, 0x0000000762400000| Untracked 
|  12|0x0000000762400000, 0x00000007624b0e00, 0x0000000762600000| 34%| O|  |TAMS 0x0000000762400000, 0x0000000762400000| Untracked 
|  13|0x0000000762600000, 0x0000000762600000, 0x0000000762800000|  0%| F|  |TAMS 0x0000000762600000, 0x0000000762600000| Untracked 
|  14|0x0000000762800000, 0x0000000762a00000, 0x0000000762a00000|100%| O|  |TAMS 0x0000000762a00000, 0x0000000762a00000| Untracked 
|  15|0x0000000762a00000, 0x0000000762a00000, 0x0000000762c00000|  0%| F|  |TAMS 0x0000000762a00000, 0x0000000762a00000| Untracked 
|  16|0x0000000762c00000, 0x0000000762c00000, 0x0000000762e00000|  0%| F|  |TAMS 0x0000000762c00000, 0x0000000762c00000| Untracked 
|  17|0x0000000762e00000, 0x0000000762e00000, 0x0000000763000000|  0%| F|  |TAMS 0x0000000762e00000, 0x0000000762e00000| Untracked 
|  18|0x0000000763000000, 0x0000000763200000, 0x0000000763200000|100%| S|CS|TAMS 0x0000000763000000, 0x0000000763000000| Complete 
|  19|0x0000000763200000, 0x0000000763200000, 0x0000000763400000|  0%| F|  |TAMS 0x0000000763200000, 0x0000000763200000| Untracked 
|  20|0x0000000763400000, 0x0000000763400000, 0x0000000763600000|  0%| F|  |TAMS 0x0000000763400000, 0x0000000763400000| Untracked 
|  21|0x0000000763600000, 0x0000000763600000, 0x0000000763800000|  0%| F|  |TAMS 0x0000000763600000, 0x0000000763600000| Untracked 
|  22|0x0000000763800000, 0x0000000763800000, 0x0000000763a00000|  0%| F|  |TAMS 0x0000000763800000, 0x0000000763800000| Untracked 
|  23|0x0000000763a00000, 0x0000000763a00000, 0x0000000763c00000|  0%| F|  |TAMS 0x0000000763a00000, 0x0000000763a00000| Untracked 
|  64|0x0000000768c00000, 0x0000000768c00000, 0x0000000768e00000|  0%| F|  |TAMS 0x0000000768c00000, 0x0000000768c00000| Untracked 
|  65|0x0000000768e00000, 0x0000000768e00000, 0x0000000769000000|  0%| F|  |TAMS 0x0000000768e00000, 0x0000000768e00000| Untracked 
|  79|0x000000076aa00000, 0x000000076aa00000, 0x000000076ac00000|  0%| F|  |TAMS 0x000000076aa00000, 0x000000076aa00000| Untracked 

Card table byte_map: [0x000002089f690000,0x000002089fb90000] _byte_map_base: 0x000002089bb8a000

Marking Bits (Prev, Next): (CMBitMap*) 0x0000020898b39dc0, (CMBitMap*) 0x0000020898b39d80
 Prev Bits: [0x00000208a2860000, 0x00000208a5030000)
 Next Bits: [0x00000208a0090000, 0x00000208a2860000)

Polling page: 0x0000020896a10000

Metaspace:

Usage:
  Non-class:     42.47 MB used.
      Class:      6.36 MB used.
       Both:     48.82 MB used.

Virtual space:
  Non-class space:       48.00 MB reserved,      42.75 MB ( 89%) committed,  6 nodes.
      Class space:        1.00 GB reserved,       6.62 MB ( <1%) committed,  1 nodes.
             Both:        1.05 GB reserved,      49.38 MB (  5%) committed. 

Chunk freelists:
   Non-Class:  1.23 MB
       Class:  1.31 MB
        Both:  2.54 MB

MaxMetaspaceSize: unlimited
CompressedClassSpaceSize: 1.00 GB
Initial GC threshold: 21.00 MB
Current GC threshold: 75.75 MB
CDS: off
MetaspaceReclaimPolicy: balanced
 - commit_granule_bytes: 65536.
 - commit_granule_words: 8192.
 - virtual_space_node_default_size: 1048576.
 - enlarge_chunks_in_place: 1.
 - new_chunks_are_fully_committed: 0.
 - uncommit_free_chunks: 1.
 - use_allocation_guard: 0.
 - handle_deallocations: 1.


Internal statistics:

num_allocs_failed_limit: 6.
num_arena_births: 688.
num_arena_deaths: 2.
num_vsnodes_births: 7.
num_vsnodes_deaths: 0.
num_space_committed: 790.
num_space_uncommitted: 0.
num_chunks_returned_to_freelist: 9.
num_chunks_taken_from_freelist: 2238.
num_chunk_merges: 6.
num_chunk_splits: 1480.
num_chunks_enlarged: 1042.
num_purges: 2.
num_inconsistent_stats: 0.

CodeCache: size=49152Kb used=10266Kb max_used=10266Kb free=38885Kb
 bounds [0x000002089c190000, 0x000002089cba0000, 0x000002089f190000]
 total_blobs=5496 nmethods=4924 adapters=497
 compilation: enabled
              stopped_count=0, restarted_count=0
 full_count=0

Compilation events (20 events):
Event: 19.418 Thread 0x00000208a7e29530 4915       1       com.thoughtworks.xstream.mapper.AnnotationMapper$UnprocessedTypesSet::add (9 bytes)
Event: 19.418 Thread 0x00000208a7d23770 4916       1       com.thoughtworks.xstream.mapper.AnnotationMapper$UnprocessedTypesSet::add (147 bytes)
Event: 19.418 Thread 0x00000208a7e29530 nmethod 4915 0x000002089cb90e90 code [0x000002089cb91020, 0x000002089cb91148]
Event: 19.418 Thread 0x00000208a7e28010 4917       1       com.thoughtworks.xstream.mapper.AnnotationMapper$1::add (9 bytes)
Event: 19.418 Thread 0x00000208a7e29530 4918       1       com.thoughtworks.xstream.mapper.AnnotationMapper$1::add (48 bytes)
Event: 19.418 Thread 0x00000208a7e28010 nmethod 4917 0x000002089cb91510 code [0x000002089cb916a0, 0x000002089cb917e8]
Event: 19.418 Thread 0x00000208a7e29530 nmethod 4918 0x000002089cb91890 code [0x000002089cb91a60, 0x000002089cb91ca8]
Event: 19.419 Thread 0x00000208a7d23770 nmethod 4916 0x000002089cb91d90 code [0x000002089cb91fe0, 0x000002089cb924e8]
Event: 19.420 Thread 0x00000208a7d23770 4919       1       ch.qos.logback.core.pattern.FormattingConverter::write (154 bytes)
Event: 19.420 Thread 0x00000208a7e28010 4920       1       java.time.temporal.ValueRange::checkValidValue (24 bytes)
Event: 19.420 Thread 0x00000208a7e28010 nmethod 4920 0x000002089cb92890 code [0x000002089cb92a40, 0x000002089cb92c18]
Event: 19.421 Thread 0x00000208a7d23770 nmethod 4919 0x000002089cb92d10 code [0x000002089cb92f60, 0x000002089cb93438]
Event: 19.436 Thread 0x00000208a7e29530 4921       1       java.util.concurrent.ConcurrentLinkedQueue::poll (84 bytes)
Event: 19.436 Thread 0x00000208a7e28010 4922       1       java.util.concurrent.ConcurrentLinkedQueue::updateHead (26 bytes)
Event: 19.437 Thread 0x00000208a7e28010 nmethod 4922 0x000002089cb93790 code [0x000002089cb939e0, 0x000002089cb941e8]
Event: 19.438 Thread 0x00000208a7e29530 nmethod 4921 0x000002089cb94590 code [0x000002089cb94900, 0x000002089cb95ca8]
Event: 19.441 Thread 0x00000208a7e29530 4923       1       java.util.concurrent.ConcurrentHashMap::size (31 bytes)
Event: 19.441 Thread 0x00000208a7e29530 nmethod 4923 0x000002089cb96490 code [0x000002089cb96640, 0x000002089cb967a8]
Event: 19.443 Thread 0x00000208a7e28010 4924       1       java.lang.Long::intValue (6 bytes)
Event: 19.443 Thread 0x00000208a7e28010 nmethod 4924 0x000002089cb96810 code [0x000002089cb969a0, 0x000002089cb96a78]

GC Heap History (20 events):
Event: 14.783 GC heap after
{Heap after GC invocations=19 (full 0):
 garbage-first heap   total 49152K, used 28567K [0x0000000760c00000, 0x0000000800000000)
  region size 2048K, 1 young (2048K), 1 survivors (2048K)
 Metaspace       used 39552K, committed 39936K, reserved 1089536K
  class space    used 4937K, committed 5120K, reserved 1048576K
}
Event: 15.254 GC heap before
{Heap before GC invocations=19 (full 0):
 garbage-first heap   total 49152K, used 30615K [0x0000000760c00000, 0x0000000800000000)
  region size 2048K, 3 young (6144K), 1 survivors (2048K)
 Metaspace       used 39559K, committed 39936K, reserved 1089536K
  class space    used 4938K, committed 5120K, reserved 1048576K
}
Event: 15.256 GC heap after
{Heap after GC invocations=20 (full 0):
 garbage-first heap   total 49152K, used 28340K [0x0000000760c00000, 0x0000000800000000)
  region size 2048K, 1 young (2048K), 1 survivors (2048K)
 Metaspace       used 39559K, committed 39936K, reserved 1089536K
  class space    used 4938K, committed 5120K, reserved 1048576K
}
Event: 15.639 GC heap before
{Heap before GC invocations=21 (full 0):
 garbage-first heap   total 55296K, used 34484K [0x0000000760c00000, 0x0000000800000000)
  region size 2048K, 4 young (8192K), 1 survivors (2048K)
 Metaspace       used 39988K, committed 40448K, reserved 1089536K
  class space    used 4984K, committed 5184K, reserved 1048576K
}
Event: 15.643 GC heap after
{Heap after GC invocations=22 (full 0):
 garbage-first heap   total 55296K, used 28572K [0x0000000760c00000, 0x0000000800000000)
  region size 2048K, 1 young (2048K), 1 survivors (2048K)
 Metaspace       used 39988K, committed 40448K, reserved 1089536K
  class space    used 4984K, committed 5184K, reserved 1048576K
}
Event: 15.757 GC heap before
{Heap before GC invocations=22 (full 0):
 garbage-first heap   total 55296K, used 30620K [0x0000000760c00000, 0x0000000800000000)
  region size 2048K, 2 young (4096K), 1 survivors (2048K)
 Metaspace       used 40159K, committed 40576K, reserved 1089536K
  class space    used 5010K, committed 5184K, reserved 1048576K
}
Event: 15.763 GC heap after
{Heap after GC invocations=23 (full 0):
 garbage-first heap   total 55296K, used 24945K [0x0000000760c00000, 0x0000000800000000)
  region size 2048K, 1 young (2048K), 1 survivors (2048K)
 Metaspace       used 40159K, committed 40576K, reserved 1089536K
  class space    used 5010K, committed 5184K, reserved 1048576K
}
Event: 16.523 GC heap before
{Heap before GC invocations=23 (full 0):
 garbage-first heap   total 55296K, used 37233K [0x0000000760c00000, 0x0000000800000000)
  region size 2048K, 7 young (14336K), 1 survivors (2048K)
 Metaspace       used 41324K, committed 41792K, reserved 1089536K
  class space    used 5204K, committed 5440K, reserved 1048576K
}
Event: 16.529 GC heap after
{Heap after GC invocations=24 (full 0):
 garbage-first heap   total 55296K, used 25434K [0x0000000760c00000, 0x0000000800000000)
  region size 2048K, 1 young (2048K), 1 survivors (2048K)
 Metaspace       used 41324K, committed 41792K, reserved 1089536K
  class space    used 5204K, committed 5440K, reserved 1048576K
}
Event: 17.310 GC heap before
{Heap before GC invocations=24 (full 0):
 garbage-first heap   total 55296K, used 39770K [0x0000000760c00000, 0x0000000800000000)
  region size 2048K, 8 young (16384K), 1 survivors (2048K)
 Metaspace       used 41441K, committed 41984K, reserved 1089536K
  class space    used 5228K, committed 5504K, reserved 1048576K
}
Event: 17.315 GC heap after
{Heap after GC invocations=25 (full 0):
 garbage-first heap   total 55296K, used 26385K [0x0000000760c00000, 0x0000000800000000)
  region size 2048K, 1 young (2048K), 1 survivors (2048K)
 Metaspace       used 41441K, committed 41984K, reserved 1089536K
  class space    used 5228K, committed 5504K, reserved 1048576K
}
Event: 17.773 GC heap before
{Heap before GC invocations=25 (full 0):
 garbage-first heap   total 55296K, used 40721K [0x0000000760c00000, 0x0000000800000000)
  region size 2048K, 8 young (16384K), 1 survivors (2048K)
 Metaspace       used 43250K, committed 43776K, reserved 1089536K
  class space    used 5487K, committed 5760K, reserved 1048576K
}
Event: 17.777 GC heap after
{Heap after GC invocations=26 (full 0):
 garbage-first heap   total 55296K, used 26840K [0x0000000760c00000, 0x0000000800000000)
  region size 2048K, 1 young (2048K), 1 survivors (2048K)
 Metaspace       used 43250K, committed 43776K, reserved 1089536K
  class space    used 5487K, committed 5760K, reserved 1048576K
}
Event: 18.268 GC heap before
{Heap before GC invocations=26 (full 0):
 garbage-first heap   total 55296K, used 41176K [0x0000000760c00000, 0x0000000800000000)
  region size 2048K, 8 young (16384K), 1 survivors (2048K)
 Metaspace       used 45657K, committed 46144K, reserved 1089536K
  class space    used 5864K, committed 6080K, reserved 1048576K
}
Event: 18.271 GC heap after
{Heap after GC invocations=27 (full 0):
 garbage-first heap   total 55296K, used 27537K [0x0000000760c00000, 0x0000000800000000)
  region size 2048K, 1 young (2048K), 1 survivors (2048K)
 Metaspace       used 45657K, committed 46144K, reserved 1089536K
  class space    used 5864K, committed 6080K, reserved 1048576K
}
Event: 18.798 GC heap before
{Heap before GC invocations=28 (full 0):
 garbage-first heap   total 55296K, used 41873K [0x0000000760c00000, 0x0000000800000000)
  region size 2048K, 8 young (16384K), 1 survivors (2048K)
 Metaspace       used 48024K, committed 48512K, reserved 1097728K
  class space    used 6235K, committed 6464K, reserved 1048576K
}
Event: 18.802 GC heap after
{Heap after GC invocations=29 (full 0):
 garbage-first heap   total 55296K, used 28443K [0x0000000760c00000, 0x0000000800000000)
  region size 2048K, 1 young (2048K), 1 survivors (2048K)
 Metaspace       used 48024K, committed 48512K, reserved 1097728K
  class space    used 6235K, committed 6464K, reserved 1048576K
}
Event: 18.857 GC heap before
{Heap before GC invocations=29 (full 0):
 garbage-first heap   total 55296K, used 30491K [0x0000000760c00000, 0x0000000800000000)
  region size 2048K, 2 young (4096K), 1 survivors (2048K)
 Metaspace       used 48259K, committed 48768K, reserved 1097728K
  class space    used 6275K, committed 6528K, reserved 1048576K
}
Event: 18.861 GC heap after
{Heap after GC invocations=30 (full 0):
 garbage-first heap   total 55296K, used 27705K [0x0000000760c00000, 0x0000000800000000)
  region size 2048K, 1 young (2048K), 1 survivors (2048K)
 Metaspace       used 48259K, committed 48768K, reserved 1097728K
  class space    used 6275K, committed 6528K, reserved 1048576K
}
Event: 19.450 GC heap before
{Heap before GC invocations=30 (full 0):
 garbage-first heap   total 55296K, used 39993K [0x0000000760c00000, 0x0000000800000000)
  region size 2048K, 8 young (16384K), 1 survivors (2048K)
 Metaspace       used 49993K, committed 50560K, reserved 1097728K
  class space    used 6508K, committed 6784K, reserved 1048576K
}

Dll operation events (9 events):
Event: 0.019 Loaded shared library C:\Users\dimad\.p2\pool\plugins\org.eclipse.justj.openjdk.hotspot.jre.full.win32.x86_64_17.0.5.v20221102-0933\jre\bin\java.dll
Event: 0.630 Loaded shared library C:\Users\dimad\.p2\pool\plugins\org.eclipse.justj.openjdk.hotspot.jre.full.win32.x86_64_17.0.5.v20221102-0933\jre\bin\jimage.dll
Event: 0.655 Loaded shared library C:\Users\dimad\.p2\pool\plugins\org.eclipse.justj.openjdk.hotspot.jre.full.win32.x86_64_17.0.5.v20221102-0933\jre\bin\net.dll
Event: 0.659 Loaded shared library C:\Users\dimad\.p2\pool\plugins\org.eclipse.justj.openjdk.hotspot.jre.full.win32.x86_64_17.0.5.v20221102-0933\jre\bin\nio.dll
Event: 0.670 Loaded shared library C:\Users\dimad\.p2\pool\plugins\org.eclipse.justj.openjdk.hotspot.jre.full.win32.x86_64_17.0.5.v20221102-0933\jre\bin\zip.dll
Event: 0.826 Loaded shared library C:\Users\dimad\.p2\pool\plugins\org.eclipse.justj.openjdk.hotspot.jre.full.win32.x86_64_17.0.5.v20221102-0933\jre\bin\management.dll
Event: 0.848 Loaded shared library C:\Users\dimad\.p2\pool\plugins\org.eclipse.justj.openjdk.hotspot.jre.full.win32.x86_64_17.0.5.v20221102-0933\jre\bin\management_ext.dll
Event: 13.700 Loaded shared library C:\Users\dimad\.p2\pool\plugins\org.eclipse.justj.openjdk.hotspot.jre.full.win32.x86_64_17.0.5.v20221102-0933\jre\bin\sunmscapi.dll
Event: 16.206 Loaded shared library C:\Users\dimad\.p2\pool\plugins\org.eclipse.justj.openjdk.hotspot.jre.full.win32.x86_64_17.0.5.v20221102-0933\jre\bin\verify.dll

Deoptimization events (6 events):
Event: 4.119 Thread 0x00000208a98f8fe0 DEOPT PACKING pc=0x000002089c52bbac sp=0x00000035c3bfd770
Event: 4.120 Thread 0x00000208a98f8fe0 DEOPT UNPACKING pc=0x000002089c1e2b43 sp=0x00000035c3bfcc38 mode 0
Event: 5.319 Thread 0x00000208a98f8fe0 DEOPT PACKING pc=0x000002089c7860f9 sp=0x00000035c3bfcbb0
Event: 5.319 Thread 0x00000208a98f8fe0 DEOPT UNPACKING pc=0x000002089c1e2b43 sp=0x00000035c3bfc090 mode 3
Event: 13.574 Thread 0x00000208a98f8fe0 DEOPT PACKING pc=0x000002089c9d8925 sp=0x00000035c3bfcaa0
Event: 13.574 Thread 0x00000208a98f8fe0 DEOPT UNPACKING pc=0x000002089c1e2b43 sp=0x00000035c3bfc008 mode 3

Classes unloaded (1 events):
Event: 14.701 Thread 0x00000208a73062f0 Unloading class 0x00000008000c6c00 'jdk/internal/reflect/GeneratedConstructorAccessor1'

Classes redefined (0 events):
No events

Internal exceptions (20 events):
Event: 15.458 Thread 0x00000208a98f8fe0 Exception <a 'sun/nio/fs/WindowsException'{0x0000000768c0d820}> (0x0000000768c0d820) 
thrown [s\src\hotspot\share\prims\jni.cpp, line 516]
Event: 15.459 Thread 0x00000208a98f8fe0 Exception <a 'sun/nio/fs/WindowsException'{0x0000000768c0def8}> (0x0000000768c0def8) 
thrown [s\src\hotspot\share\prims\jni.cpp, line 516]
Event: 15.558 Thread 0x00000208a98f8fe0 Exception <a 'java/lang/NoSuchMethodError'{0x0000000768d27a60}: 'java.lang.Object java.lang.invoke.DirectMethodHandle$Holder.invokeSpecial(java.lang.Object, java.lang.Object, long, java.lang.Object, java.lang.Object, java.lang.Object, java.lang.Object, java.lang.Object, java.lang.Object)'> (0x0000000768d27a60) 
thrown [s\src\hotspot\share\interpreter\linkResolver.cpp, line 759]
Event: 15.559 Thread 0x00000208a98f8fe0 Exception <a 'java/lang/NoSuchMethodError'{0x0000000768d2ce30}: 'java.lang.Object java.lang.invoke.DelegatingMethodHandle$Holder.reinvoke_L(java.lang.Object, long, java.lang.Object, java.lang.Object, java.lang.Object, java.lang.Object, java.lang.Object, java.lang.Object)'> (0x0000000768d2ce30) 
thrown [s\src\hotspot\share\interpreter\linkResolver.cpp, line 759]
Event: 15.744 Thread 0x00000208a98f8fe0 Exception <a 'java/io/FileNotFoundException'{0x000000076ab3ef20}> (0x000000076ab3ef20) 
thrown [s\src\hotspot\share\prims\jni.cpp, line 516]
Event: 15.829 Thread 0x00000208a98f8fe0 Exception <a 'java/lang/NoSuchMethodError'{0x0000000768c65030}: 'int java.lang.invoke.DirectMethodHandle$Holder.invokeInterface(java.lang.Object, java.lang.Object, java.lang.Object, java.lang.Object)'> (0x0000000768c65030) 
thrown [s\src\hotspot\share\interpreter\linkResolver.cpp, line 759]
Event: 15.983 Thread 0x00000208a98f8fe0 Exception <a 'java/lang/NoSuchMethodError'{0x0000000763a64240}: 'java.lang.Object java.lang.invoke.DirectMethodHandle$Holder.invokeStaticInit(java.lang.Object, java.lang.Object, java.lang.Object, java.lang.Object)'> (0x0000000763a64240) 
thrown [s\src\hotspot\share\interpreter\linkResolver.cpp, line 759]
Event: 15.987 Thread 0x00000208a98f8fe0 Exception <a 'java/lang/IncompatibleClassChangeError'{0x0000000763a76698}: Found class java.lang.Object, but interface was expected> (0x0000000763a76698) 
thrown [s\src\hotspot\share\interpreter\linkResolver.cpp, line 826]
Event: 15.989 Thread 0x00000208a98f8fe0 Exception <a 'java/lang/IncompatibleClassChangeError'{0x0000000763a84070}: Found class java.lang.Object, but interface was expected> (0x0000000763a84070) 
thrown [s\src\hotspot\share\interpreter\linkResolver.cpp, line 826]
Event: 16.008 Thread 0x00000208a98f8fe0 Exception <a 'java/lang/IncompatibleClassChangeError'{0x0000000763ab2710}: Found class java.lang.Object, but interface was expected> (0x0000000763ab2710) 
thrown [s\src\hotspot\share\interpreter\linkResolver.cpp, line 826]
Event: 16.354 Thread 0x00000208a98f8fe0 Exception <a 'java/lang/NoSuchMethodError'{0x0000000763710210}: 'java.lang.Object java.lang.invoke.DirectMethodHandle$Holder.invokeStatic(java.lang.Object, java.lang.Object, int, java.lang.Object)'> (0x0000000763710210) 
thrown [s\src\hotspot\share\interpreter\linkResolver.cpp, line 759]
Event: 16.358 Thread 0x00000208a98f8fe0 Exception <a 'java/lang/NoSuchMethodError'{0x0000000763717530}: 'java.lang.Object java.lang.invoke.DirectMethodHandle$Holder.newInvokeSpecial(java.lang.Object, java.lang.Object, int)'> (0x0000000763717530) 
thrown [s\src\hotspot\share\interpreter\linkResolver.cpp, line 759]
Event: 17.366 Thread 0x00000208a98f8fe0 Exception <a 'java/lang/NoSuchMethodError'{0x000000076abf7b28}: 'java.lang.Object java.lang.invoke.DirectMethodHandle$Holder.newInvokeSpecial(java.lang.Object, java.lang.Object, java.lang.Object, int, java.lang.Object, java.lang.Object)'> (0x000000076abf7b28) 
thrown [s\src\hotspot\share\interpreter\linkResolver.cpp, line 759]
Event: 17.631 Thread 0x00000208a98f8fe0 Exception <a 'java/lang/NoSuchMethodError'{0x000000076397f380}: 'long java.lang.invoke.DirectMethodHandle$Holder.invokeVirtual(java.lang.Object, java.lang.Object)'> (0x000000076397f380) 
thrown [s\src\hotspot\share\interpreter\linkResolver.cpp, line 759]
Event: 17.638 Thread 0x00000208a98f8fe0 Exception <a 'java/io/FileNotFoundException'{0x00000007639b4ea8}> (0x00000007639b4ea8) 
thrown [s\src\hotspot\share\prims\jni.cpp, line 516]
Event: 17.746 Thread 0x00000208a98f8fe0 Exception <a 'java/lang/NoSuchMethodError'{0x00000007635385e8}: 'java.lang.Object java.lang.invoke.DirectMethodHandle$Holder.invokeSpecial(java.lang.Object, java.lang.Object, java.lang.Object, long, int)'> (0x00000007635385e8) 
thrown [s\src\hotspot\share\interpreter\linkResolver.cpp, line 759]
Event: 17.746 Thread 0x00000208a98f8fe0 Exception <a 'java/lang/NoSuchMethodError'{0x000000076353c3a0}: 'java.lang.Object java.lang.invoke.Invokers$Holder.linkToTargetMethod(java.lang.Object, long, int, java.lang.Object)'> (0x000000076353c3a0) 
thrown [s\src\hotspot\share\interpreter\linkResolver.cpp, line 759]
Event: 18.767 Thread 0x00000208a98f8fe0 Exception <a 'java/lang/NoSuchMethodError'{0x00000007634d6f10}: 'int java.lang.invoke.DirectMethodHandle$Holder.invokeStatic(java.lang.Object, java.lang.Object, java.lang.Object, java.lang.Object, java.lang.Object)'> (0x00000007634d6f10) 
thrown [s\src\hotspot\share\interpreter\linkResolver.cpp, line 759]
Event: 18.829 Thread 0x00000208a98f8fe0 Exception <a 'java/lang/NoSuchMethodError'{0x000000076ab19790}: 'void java.lang.invoke.DirectMethodHandle$Holder.invokeInterface(java.lang.Object, java.lang.Object)'> (0x000000076ab19790) 
thrown [s\src\hotspot\share\interpreter\linkResolver.cpp, line 759]
Event: 19.303 Thread 0x00000208a98f8fe0 Exception <a 'sun/nio/fs/WindowsException'{0x00000007635f3208}> (0x00000007635f3208) 
thrown [s\src\hotspot\share\prims\jni.cpp, line 516]

VM Operations (20 events):
Event: 17.778 Executing VM operation: G1CollectForAllocation done
Event: 18.201 Executing VM operation: HandshakeAllThreads
Event: 18.201 Executing VM operation: HandshakeAllThreads done
Event: 18.267 Executing VM operation: G1CollectForAllocation
Event: 18.272 Executing VM operation: G1CollectForAllocation done
Event: 18.330 Executing VM operation: G1Concurrent
Event: 18.333 Executing VM operation: G1Concurrent done
Event: 18.355 Executing VM operation: G1Concurrent
Event: 18.355 Executing VM operation: G1Concurrent done
Event: 18.798 Executing VM operation: G1CollectForAllocation
Event: 18.802 Executing VM operation: G1CollectForAllocation done
Event: 18.857 Executing VM operation: G1CollectForAllocation
Event: 18.861 Executing VM operation: G1CollectForAllocation done
Event: 19.063 Executing VM operation: HandshakeAllThreads
Event: 19.063 Executing VM operation: HandshakeAllThreads done
Event: 19.096 Executing VM operation: HandshakeAllThreads
Event: 19.096 Executing VM operation: HandshakeAllThreads done
Event: 19.401 Executing VM operation: HandshakeAllThreads
Event: 19.401 Executing VM operation: HandshakeAllThreads done
Event: 19.450 Executing VM operation: G1CollectForAllocation

Events (20 events):
Event: 19.287 loading class javax/xml/datatype/DatatypeFactory
Event: 19.287 loading class javax/xml/datatype/DatatypeFactory done
Event: 19.288 loading class javax/xml/datatype/DatatypeConfigurationException
Event: 19.288 loading class javax/xml/datatype/DatatypeConfigurationException done
Event: 19.288 loading class javax/xml/datatype/FactoryFinder
Event: 19.289 loading class javax/xml/datatype/FactoryFinder done
Event: 19.293 loading class javax/xml/datatype/FactoryFinder$1
Event: 19.293 loading class javax/xml/datatype/FactoryFinder$1 done
Event: 19.295 loading class com/sun/org/apache/xerces/internal/jaxp/datatype/DatatypeFactoryImpl
Event: 19.295 loading class com/sun/org/apache/xerces/internal/jaxp/datatype/DatatypeFactoryImpl done
Event: 19.302 loading class java/time/chrono/HijrahChronology
Event: 19.302 loading class java/time/chrono/HijrahChronology done
Event: 19.303 loading class java/time/chrono/MinguoChronology
Event: 19.304 loading class java/time/chrono/MinguoChronology done
Event: 19.304 loading class java/time/chrono/ThaiBuddhistChronology
Event: 19.317 loading class java/time/chrono/ThaiBuddhistChronology done
Event: 19.381 loading class java/time/zone/ZoneRulesException
Event: 19.381 loading class java/time/zone/ZoneRulesException done
Event: 19.441 loading class javax/xml/transform/TransformerFactory
Event: 19.441 loading class javax/xml/transform/TransformerFactory done


Dynamic libraries:
0x00007ff6c5800000 - 0x00007ff6c580e000 	C:\Users\dimad\.p2\pool\plugins\org.eclipse.justj.openjdk.hotspot.jre.full.win32.x86_64_17.0.5.v20221102-0933\jre\bin\javaw.exe
0x00007ffd39ed0000 - 0x00007ffd3a0c8000 	C:\Windows\SYSTEM32\ntdll.dll
0x00007ffd279f0000 - 0x00007ffd27a09000 	C:\Program Files\Avast Software\Avast\aswhook.dll
0x00007ffd39430000 - 0x00007ffd394ed000 	C:\Windows\System32\KERNEL32.DLL
0x00007ffd37b30000 - 0x00007ffd37e26000 	C:\Windows\System32\KERNELBASE.dll
0x00007ffd37e30000 - 0x00007ffd37f30000 	C:\Windows\System32\ucrtbase.dll
0x00007ffd08510000 - 0x00007ffd08527000 	C:\Users\dimad\.p2\pool\plugins\org.eclipse.justj.openjdk.hotspot.jre.full.win32.x86_64_17.0.5.v20221102-0933\jre\bin\jli.dll
0x00007ffd38720000 - 0x00007ffd388be000 	C:\Windows\System32\USER32.dll
0x00007ffd376a0000 - 0x00007ffd376c2000 	C:\Windows\System32\win32u.dll
0x00007ffd392e0000 - 0x00007ffd3930c000 	C:\Windows\System32\GDI32.dll
0x00007ffd37820000 - 0x00007ffd3793a000 	C:\Windows\System32\gdi32full.dll
0x00007ffd376d0000 - 0x00007ffd3776d000 	C:\Windows\System32\msvcp_win.dll
0x00007ffd084c0000 - 0x00007ffd084d9000 	C:\Users\dimad\.p2\pool\plugins\org.eclipse.justj.openjdk.hotspot.jre.full.win32.x86_64_17.0.5.v20221102-0933\jre\bin\VCRUNTIME140.dll
0x00007ffd27750000 - 0x00007ffd279ea000 	C:\Windows\WinSxS\amd64_microsoft.windows.common-controls_6595b64144ccf1df_6.0.19041.3636_none_60b6a03d71f818d5\COMCTL32.dll
0x00007ffd39d90000 - 0x00007ffd39e2e000 	C:\Windows\System32\msvcrt.dll
0x00007ffd385c0000 - 0x00007ffd385f0000 	C:\Windows\System32\IMM32.DLL
0x00007ffd0b550000 - 0x00007ffd0b55c000 	C:\Users\dimad\.p2\pool\plugins\org.eclipse.justj.openjdk.hotspot.jre.full.win32.x86_64_17.0.5.v20221102-0933\jre\bin\vcruntime140_1.dll
0x00007ffcce690000 - 0x00007ffcce721000 	C:\Users\dimad\.p2\pool\plugins\org.eclipse.justj.openjdk.hotspot.jre.full.win32.x86_64_17.0.5.v20221102-0933\jre\bin\msvcp140.dll
0x00007ffcd06a0000 - 0x00007ffcd12e4000 	C:\Users\dimad\.p2\pool\plugins\org.eclipse.justj.openjdk.hotspot.jre.full.win32.x86_64_17.0.5.v20221102-0933\jre\bin\server\jvm.dll
0x00007ffd39500000 - 0x00007ffd395af000 	C:\Windows\System32\ADVAPI32.dll
0x00007ffd37f30000 - 0x00007ffd37fcc000 	C:\Windows\System32\sechost.dll
0x00007ffd385f0000 - 0x00007ffd38716000 	C:\Windows\System32\RPCRT4.dll
0x00007ffd235b0000 - 0x00007ffd235b9000 	C:\Windows\SYSTEM32\WSOCK32.dll
0x00007ffd38970000 - 0x00007ffd389db000 	C:\Windows\System32\WS2_32.dll
0x00007ffd2f250000 - 0x00007ffd2f277000 	C:\Windows\SYSTEM32\WINMM.dll
0x00007ffd31a90000 - 0x00007ffd31a9a000 	C:\Windows\SYSTEM32\VERSION.dll
0x00007ffd35470000 - 0x00007ffd35482000 	C:\Windows\SYSTEM32\kernel.appcore.dll
0x00007ffd26c80000 - 0x00007ffd26c8a000 	C:\Users\dimad\.p2\pool\plugins\org.eclipse.justj.openjdk.hotspot.jre.full.win32.x86_64_17.0.5.v20221102-0933\jre\bin\jimage.dll
0x00007ffd2b6f0000 - 0x00007ffd2b8d4000 	C:\Windows\SYSTEM32\DBGHELP.DLL
0x00007ffd28bd0000 - 0x00007ffd28c04000 	C:\Windows\SYSTEM32\dbgcore.DLL
0x00007ffd37aa0000 - 0x00007ffd37b22000 	C:\Windows\System32\bcryptPrimitives.dll
0x00007ffd26c50000 - 0x00007ffd26c75000 	C:\Users\dimad\.p2\pool\plugins\org.eclipse.justj.openjdk.hotspot.jre.full.win32.x86_64_17.0.5.v20221102-0933\jre\bin\java.dll
0x00007ffd26c30000 - 0x00007ffd26c48000 	C:\Users\dimad\.p2\pool\plugins\org.eclipse.justj.openjdk.hotspot.jre.full.win32.x86_64_17.0.5.v20221102-0933\jre\bin\zip.dll
0x00007ffd38aa0000 - 0x00007ffd391e4000 	C:\Windows\System32\SHELL32.dll
0x00007ffd35670000 - 0x00007ffd35e0b000 	C:\Windows\SYSTEM32\windows.storage.dll
0x00007ffd395b0000 - 0x00007ffd39904000 	C:\Windows\System32\combase.dll
0x00007ffd36f20000 - 0x00007ffd36f4d000 	C:\Windows\SYSTEM32\Wldp.dll
0x00007ffd388c0000 - 0x00007ffd3896d000 	C:\Windows\System32\SHCORE.dll
0x00007ffd38a40000 - 0x00007ffd38a95000 	C:\Windows\System32\shlwapi.dll
0x00007ffd374e0000 - 0x00007ffd37505000 	C:\Windows\SYSTEM32\profapi.dll
0x00007ffd0e220000 - 0x00007ffd0e239000 	C:\Users\dimad\.p2\pool\plugins\org.eclipse.justj.openjdk.hotspot.jre.full.win32.x86_64_17.0.5.v20221102-0933\jre\bin\net.dll
0x00007ffd2c450000 - 0x00007ffd2c55a000 	C:\Windows\SYSTEM32\WINHTTP.dll
0x00007ffd36c80000 - 0x00007ffd36cea000 	C:\Windows\system32\mswsock.dll
0x00007ffd0e200000 - 0x00007ffd0e215000 	C:\Users\dimad\.p2\pool\plugins\org.eclipse.justj.openjdk.hotspot.jre.full.win32.x86_64_17.0.5.v20221102-0933\jre\bin\nio.dll
0x00007ffd084b0000 - 0x00007ffd084b9000 	C:\Users\dimad\.p2\pool\plugins\org.eclipse.justj.openjdk.hotspot.jre.full.win32.x86_64_17.0.5.v20221102-0933\jre\bin\management.dll
0x00007ffd08460000 - 0x00007ffd0846b000 	C:\Users\dimad\.p2\pool\plugins\org.eclipse.justj.openjdk.hotspot.jre.full.win32.x86_64_17.0.5.v20221102-0933\jre\bin\management_ext.dll
0x00007ffd394f0000 - 0x00007ffd394f8000 	C:\Windows\System32\PSAPI.DLL
0x00007ffd1a690000 - 0x00007ffd1a6a7000 	C:\Windows\system32\napinsp.dll
0x00007ffd1a670000 - 0x00007ffd1a68b000 	C:\Windows\system32\pnrpnsp.dll
0x00007ffd1e560000 - 0x00007ffd1e575000 	C:\Windows\system32\wshbth.dll
0x00007ffd32f70000 - 0x00007ffd32f8d000 	C:\Windows\system32\NLAapi.dll
0x00007ffd36970000 - 0x00007ffd369ab000 	C:\Windows\SYSTEM32\IPHLPAPI.DLL
0x00007ffd369b0000 - 0x00007ffd36a7a000 	C:\Windows\SYSTEM32\DNSAPI.dll
0x00007ffd39310000 - 0x00007ffd39318000 	C:\Windows\System32\NSI.dll
0x00007ffd1a650000 - 0x00007ffd1a662000 	C:\Windows\System32\winrnr.dll
0x000000005bf50000 - 0x000000005bf5b000 	C:\Program Files\National Instruments\Shared\mDNS Responder\nimdnsNSP.dll
0x000000005bf30000 - 0x000000005bf41000 	C:\Windows\SYSTEM32\nimdnsResponder.dll
0x00007ffd2b6a0000 - 0x00007ffd2b6aa000 	C:\Windows\System32\rasadhlp.dll
0x00007ffd2b2f0000 - 0x00007ffd2b370000 	C:\Windows\System32\fwpuclnt.dll
0x00007ffd375b0000 - 0x00007ffd375d7000 	C:\Windows\System32\bcrypt.dll
0x00007ffd36e70000 - 0x00007ffd36e88000 	C:\Windows\SYSTEM32\CRYPTSP.dll
0x00007ffd365b0000 - 0x00007ffd365e4000 	C:\Windows\system32\rsaenh.dll
0x00007ffd37460000 - 0x00007ffd3748e000 	C:\Windows\SYSTEM32\USERENV.dll
0x00007ffd36e90000 - 0x00007ffd36e9c000 	C:\Windows\SYSTEM32\CRYPTBASE.dll
0x00007ffd2cf60000 - 0x00007ffd2cf77000 	C:\Windows\SYSTEM32\dhcpcsvc6.DLL
0x00007ffd2cee0000 - 0x00007ffd2cefd000 	C:\Windows\SYSTEM32\dhcpcsvc.DLL
0x00007ffd0e150000 - 0x00007ffd0e15e000 	C:\Users\dimad\.p2\pool\plugins\org.eclipse.justj.openjdk.hotspot.jre.full.win32.x86_64_17.0.5.v20221102-0933\jre\bin\sunmscapi.dll
0x00007ffd37940000 - 0x00007ffd37a9d000 	C:\Windows\System32\CRYPT32.dll
0x00007ffd36f90000 - 0x00007ffd36fb7000 	C:\Windows\SYSTEM32\ncrypt.dll
0x00007ffd36f50000 - 0x00007ffd36f8b000 	C:\Windows\SYSTEM32\NTASN1.dll
0x00007ffd15cc0000 - 0x00007ffd15cd0000 	C:\Users\dimad\.p2\pool\plugins\org.eclipse.justj.openjdk.hotspot.jre.full.win32.x86_64_17.0.5.v20221102-0933\jre\bin\verify.dll

dbghelp: loaded successfully - version: 4.0.5 - missing functions: none
symbol engine: initialized successfully - sym options: 0x614 - pdb path: .;C:\Users\dimad\.p2\pool\plugins\org.eclipse.justj.openjdk.hotspot.jre.full.win32.x86_64_17.0.5.v20221102-0933\jre\bin;C:\Windows\SYSTEM32;C:\Program Files\Avast Software\Avast;C:\Windows\WinSxS\amd64_microsoft.windows.common-controls_6595b64144ccf1df_6.0.19041.3636_none_60b6a03d71f818d5;C:\Users\dimad\.p2\pool\plugins\org.eclipse.justj.openjdk.hotspot.jre.full.win32.x86_64_17.0.5.v20221102-0933\jre\bin\server;C:\Program Files\National Instruments\Shared\mDNS Responder

VM Arguments:
jvm_args: -Dcom.sun.management.jmxremote -Dcom.sun.management.jmxremote.port=65276 -Dcom.sun.management.jmxremote.authenticate=false -Dcom.sun.management.jmxremote.ssl=false -Djava.rmi.server.hostname=localhost -Dspring.jmx.enabled=true -Dmanagement.endpoints.jmx.exposure.include=* -Dspring.application.admin.enabled=true -XX:TieredStopAtLevel=1 -Dspring.boot.project.name=naming-server -Dfile.encoding=UTF-8 -XX:+ShowCodeDetailsInExceptionMessages 
java_command: com.in28minutes.microservices.namingserver.NamingServerApplication --spring.output.ansi.enabled=always
java_class_path (initial): C:\Users\dimad\Desktop\pet project\CourseWork\naming-server\target\classes;C:\Users\dimad\.m2\repository\org\springframework\boot\spring-boot-starter-actuator\3.1.1\spring-boot-starter-actuator-3.1.1.jar;C:\Users\dimad\.m2\repository\org\springframework\boot\spring-boot-starter\3.1.1\spring-boot-starter-3.1.1.jar;C:\Users\dimad\.m2\repository\org\springframework\boot\spring-boot-starter-logging\3.1.1\spring-boot-starter-logging-3.1.1.jar;C:\Users\dimad\.m2\repository\ch\qos\logback\logback-classic\1.4.8\logback-classic-1.4.8.jar;C:\Users\dimad\.m2\repository\ch\qos\logback\logback-core\1.4.8\logback-core-1.4.8.jar;C:\Users\dimad\.m2\repository\org\apache\logging\log4j\log4j-to-slf4j\2.20.0\log4j-to-slf4j-2.20.0.jar;C:\Users\dimad\.m2\repository\org\apache\logging\log4j\log4j-api\2.20.0\log4j-api-2.20.0.jar;C:\Users\dimad\.m2\repository\org\slf4j\jul-to-slf4j\2.0.7\jul-to-slf4j-2.0.7.jar;C:\Users\dimad\.m2\repository\jakarta\annotation\jakarta.annotation-api\2.1.1\jakarta.annotation-api-2.1.1.jar;C:\Users\dimad\.m2\repository\org\yaml\snakeyaml\1.33\snakeyaml-1.33.jar;C:\Users\dimad\.m2\repository\org\springframework\boot\spring-boot-actuator-autoconfigure\3.1.1\spring-boot-actuator-autoconfigure-3.1.1.jar;C:\Users\dimad\.m2\repository\org\springframework\boot\spring-boot-actuator\3.1.1\spring-boot-actuator-3.1.1.jar;C:\Users\dimad\.m2\repository\com\fasterxml\jackson\datatype\jackson-datatype-jsr310\2.15.2\jackson-datatype-jsr310-2.15.2.jar;C:\Users\dimad\.m2\repository\io\micrometer\micrometer-observation\1.11.1\micrometer-observation-1.11.1.jar;C:\Users\dimad\.m2\repository\io\micrometer\micrometer-commons\1.11.1\micrometer-commons-1.11.1.jar;C:\Users\dimad\.m2\repository\io\micrometer\micrometer-core\1.11.1\micrometer-core-1.11.1.jar;C:\Users\dimad\.m2\repository\org\hdrhistogram\HdrHistogram\2.1.12\HdrHistogram-2.1.12.jar;C:\Users\dimad\.m2\repository\org\latencyutils\LatencyUtils\2.0.3\LatencyUtils-2.0.3.jar;C:\Users\dimad\.m2\repos
Launcher Type: SUN_STANDARD

[Global flags]
     intx CICompilerCount                          = 3                                         {product} {ergonomic}
     uint ConcGCThreads                            = 1                                         {product} {ergonomic}
     uint G1ConcRefinementThreads                  = 4                                         {product} {ergonomic}
   size_t G1HeapRegionSize                         = 2097152                                   {product} {ergonomic}
    uintx GCDrainStackTargetSize                   = 64                                        {product} {ergonomic}
   size_t InitialHeapSize                          = 167772160                                 {product} {ergonomic}
     bool ManagementServer                         = true                                      {product} {command line}
   size_t MarkStackSize                            = 4194304                                   {product} {ergonomic}
   size_t MaxHeapSize                              = 2671771648                                {product} {ergonomic}
   size_t MaxNewSize                               = 1602224128                                {product} {ergonomic}
   size_t MinHeapDeltaBytes                        = 2097152                                   {product} {ergonomic}
   size_t MinHeapSize                              = 8388608                                   {product} {ergonomic}
    uintx NonProfiledCodeHeapSize                  = 0                                      {pd product} {ergonomic}
     bool ProfileInterpreter                       = false                                  {pd product} {command line}
    uintx ProfiledCodeHeapSize                     = 0                                      {pd product} {ergonomic}
     bool ShowCodeDetailsInExceptionMessages       = true                                   {manageable} {command line}
   size_t SoftMaxHeapSize                          = 2671771648                             {manageable} {ergonomic}
     intx TieredStopAtLevel                        = 1                                         {product} {command line}
     bool UseCompressedClassPointers               = true                           {product lp64_product} {ergonomic}
     bool UseCompressedOops                        = true                           {product lp64_product} {ergonomic}
     bool UseG1GC                                  = true                                      {product} {ergonomic}
     bool UseLargePagesIndividualAllocation        = false                                  {pd product} {ergonomic}

Logging:
Log output configuration:
 #0: stdout all=warning uptime,level,tags
 #1: stderr all=off uptime,level,tags

Environment Variables:
PATH=C:/Users/dimad/.p2/pool/plugins/org.eclipse.justj.openjdk.hotspot.jre.full.win32.x86_64_17.0.5.v20221102-0933/jre/bin/server;C:/Users/dimad/.p2/pool/plugins/org.eclipse.justj.openjdk.hotspot.jre.full.win32.x86_64_17.0.5.v20221102-0933/jre/bin;C:\Program Files (x86)\Common Files\Oracle\Java\javapath;C:\Program Files (x86)\Embarcadero\Studio\21.0\bin;C:\Users\Public\Documents\Embarcadero\Studio\21.0\Bpl;C:\Program Files (x86)\Embarcadero\Studio\21.0\bin64;C:\Users\Public\Documents\Embarcadero\Studio\21.0\Bpl\Win64;C:\ProgramData\Oracle\Java\javapath;C:\Windows\system32;C:\Windows;C:\Windows\System32\Wbem;C:\Windows\System32\WindowsPowerShell\v1.0\;C:\Windows\System32\OpenSSH\;C:\Program Files (x86)\NVIDIA Corporation\PhysX\Common;C:\Program Files (x86)\Windows Kits\10\Windows Performance Toolkit\;C:\Program Files\dotnet\;C:\Program Files\Microsoft SQL Server\130\Tools\Binn\;C:\Program Files\Microsoft SQL Server\Client SDK\ODBC\170\Tools\Binn\;C:\Program Files (x86)\Microsoft SQL Server\150\DTS\Binn\;C:\Program Files\Azure Data Studio\bin;C:\Program Files (x86)\Microsoft SQL Server\150\Tools\Binn\;C:\Program Files\Microsoft SQL Server\150\Tools\Binn\;C:\Program Files\Microsoft SQL Server\150\DTS\Binn\;C:\Program Files\Git\cmd;C:\Program Files\Docker\Docker\resources\bin;C:\Program Files\MySQL\MySQL Shell 8.0\bin\;C:\OrCAD\OrCAD_16.6_Lite\OpenAccess\bin\win32\opt;C:\OrCAD\OrCAD_16.6_Lite\tools\pcb\bin;C:\OrCAD\OrCAD_16.6_Lite\tools\fet\bin;C:\OrCAD\OrCAD_16.6_Lite\tools\Capture;C:\OrCAD\OrCAD_16.6_Lite\tools\PSpice;C:\OrCAD\OrCAD_16.6_Lite\tools\specctra\bin;C:\OrCAD\OrCAD_16.6_Lite\tools\bin;C:\Users\dimad\AppData\Local\Programs\Python\Python39\Scripts\;C:\Users\dimad\AppData\Local\Programs\Python\Python39\;C:\Users\dimad\AppData\Local\Microsoft\WindowsApps;C:\Users\dimad\.dotnet\tools;C:\Users\dimad\AppData\Local\GitHubDesktop\bin;C:\Program Files\Azure Data Studio\bin;C:\Program Files\JetBrains\IntelliJ IDEA Community Edition 2022.2.1\bin;;C:\Users\dimad\AppData\Lo
USERNAME=dimad
OS=Windows_NT
PROCESSOR_IDENTIFIER=AMD64 Family 23 Model 24 Stepping 1, AuthenticAMD
TMP=C:\Users\dimad\AppData\Local\Temp
TEMP=C:\Users\dimad\AppData\Local\Temp



---------------  S Y S T E M  ---------------

OS:
 Windows 10 , 64 bit Build 19041 (10.0.19041.3636)
OS uptime: 0 days 3:38 hours

CPU: total 4 (initial active 4) (4 cores per cpu, 2 threads per core) family 23 model 24 stepping 1 microcode 0x0, cx8, cmov, fxsr, ht, mmx, 3dnowpref, sse, sse2, sse3, ssse3, sse4a, sse4.1, sse4.2, popcnt, lzcnt, tsc, tscinvbit, avx, avx2, aes, clmul, bmi1, bmi2, adx, sha, fma, vzeroupper, clflush, clflushopt

Memory: 4k page, system-wide physical 10186M (465M free)
TotalPageFile size 16186M (AvailPageFile size 26M)
current process WorkingSet (physical memory assigned to process): 170M, peak: 170M
current process commit charge ("private bytes"): 198M, peak: 258M

vm_info: OpenJDK 64-Bit Server VM (17.0.5+8) for windows-amd64 JRE (17.0.5+8), built on Oct 19 2022 04:48:13 by "temurin" with MS VC++ 16.7 (VS2019)

END.
